<?xml version="1.0" encoding="UTF-8"?>
<!-- Generated by org.testng.reporters.JUnitReportReporter -->
<testsuite hostname="Reemas-MacBook-Pro-3.local" failures="0" tests="5" name="com.hyr.test.saudi" time="22.515" errors="0" timestamp="2023-06-18T18:07:55 AST" skipped="0">
  <testcase classname="com.hyr.test.saudi" name="Amethod" time="11.446"/>
  <testcase classname="com.hyr.test.saudi" name="Cmethod" time="1.929"/>
  <testcase classname="com.hyr.test.saudi" name="Emethod" time="0.409"/>
  <testcase classname="com.hyr.test.saudi" name="Dmethod" time="6.379"/>
  <testcase classname="com.hyr.test.saudi" name="Bmethod" time="2.352"/>
</testsuite> <!-- com.hyr.test.saudi -->
