<?xml version="1.0" encoding="UTF-8"?>
<!-- Generated by org.testng.reporters.JUnitReportReporter -->
<testsuite hostname="Reemas-MacBook-Pro-3.local" failures="0" tests="5" name="com.stc.test.STC" time="132.563" errors="0" timestamp="2023-06-19T14:09:08 AST" skipped="0">
  <testcase classname="com.stc.test.STC" name="Dmethod" time="38.699"/>
  <testcase classname="com.stc.test.STC" name="Emethod" time="5.486"/>
  <testcase classname="com.stc.test.STC" name="Bmethod" time="31.657"/>
  <testcase classname="com.stc.test.STC" name="Amethod" time="14.318"/>
  <testcase classname="com.stc.test.STC" name="Cmethod" time="42.403"/>
</testsuite> <!-- com.stc.test.STC -->
