<?xml version="1.0" encoding="UTF-8"?>
<!-- Generated by org.testng.reporters.JUnitReportReporter -->
<testsuite hostname="Reemas-MacBook-Pro-3.local" failures="0" tests="1" name="com.hyr.test.FirstTest" time="22.616" errors="0" timestamp="2023-06-18T19:02:42 AST" skipped="0">
  <testcase classname="com.hyr.test.FirstTest" name="TestSA" time="22.616"/>
</testsuite> <!-- com.hyr.test.FirstTest -->
