<?xml version="1.0" encoding="UTF-8"?>
<!-- Generated by org.testng.reporters.JUnitReportReporter -->
<testsuite hostname="Reemas-MacBook-Pro-3.local" failures="0" tests="5" name="com.hyr.test.STC" time="125.449" errors="0" timestamp="2023-06-18T20:18:26 AST" skipped="0">
  <testcase classname="com.hyr.test.STC" name="Dmethod" time="44.097"/>
  <testcase classname="com.hyr.test.STC" name="Amethod" time="9.413"/>
  <testcase classname="com.hyr.test.STC" name="Bmethod" time="31.090"/>
  <testcase classname="com.hyr.test.STC" name="Emethod" time="5.585"/>
  <testcase classname="com.hyr.test.STC" name="Cmethod" time="35.264"/>
</testsuite> <!-- com.hyr.test.STC -->
